<?xml version="1.0" encoding="UTF-8"?>
<testsuite xmlns:xsi="http://www.w3.org/2001/XMLSchema-instance" xsi:noNamespaceSchemaLocation="https://maven.apache.org/surefire/maven-surefire-plugin/xsd/surefire-test-report.xsd" version="3.0.2" name="com.intensivo.java.service.ClienteServiceIntegrationTest" time="0.106" tests="2" errors="0" skipped="0" failures="0">
  <properties>
[...]
</properties>
  <testcase name="deveImpedirCpfDuplicadoAoCriarClientePf" classname="com.intensivo.java.service.ClienteServiceIntegrationTest" time="0.048">
    <system-out><![CDATA[2026-03-07 10:10:10.401 DEBUG [           main] .c.SpringBootTestContextBootstrapper [req=-] - Neither @ContextConfiguration nor @ContextHierarchy found for test class [ClienteServiceIntegrationTest]: using SpringBootContextLoader
2026-03-07 10:10:10.402 DEBUG [           main] .c.SpringBootTestContextBootstrapper [req=-] - Using ContextCustomizerFactory implementations for test class [ClienteServiceIntegrationTest]: [ImportsContextCustomizerFactory, PropertyMappingContextCustomizerFactory, ExcludeFilterContextCustomizerFactory, TypeExcludeFiltersContextCustomizerFactory, DisableReactorResourceFactoryGlobalResourcesContextCustomizerFactory, DuplicateJsonObjectContextCustomizerFactory, OnFailureConditionReportContextCustomizerFactory, OverrideAutoConfigurationContextCustomizerFactory, BeanOverrideContextCustomizerFactory, MockServerContainerContextCustomizerFactory, DynamicPropertiesContextCustomizerFactory, WebDriverContextCustomizerFactory, SpringBootTestRandomPortContextCustomizerFactory]
2026-03-07 10:10:10.403 DEBUG [           main] .c.SpringBootTestContextBootstrapper [req=-] - Using ContextCustomizers for test class [ClienteServiceIntegrationTest]: [ImportsContextCustomizer, PropertyMappingContextCustomizer, ExcludeFilterContextCustomizer, DuplicateJsonObjectContextCustomizer, OnFailureConditionReportContextCustomizer, DynamicPropertiesContextCustomizer, WebDriverContextCustomizer, SpringBootTestRandomPortContextCustomizer]
2026-03-07 10:10:10.403 INFO  [           main] .c.SpringBootTestContextBootstrapper [req=-] - Found @SpringBootConfiguration com.intensivo.java.JavaApplication for test class com.intensivo.java.service.ClienteServiceIntegrationTest
2026-03-07 10:10:10.404 DEBUG [           main] .c.SpringBootTestContextBootstrapper [req=-] - Using TestExecutionListeners for test class [ClienteServiceIntegrationTest]: [ServletTestExecutionListener, DirtiesContextBeforeModesTestExecutionListener, ApplicationEventsTestExecutionListener, BeanOverrideTestExecutionListener, DependencyInjectionTestExecutionListener, DirtiesContextTestExecutionListener, CommonCachesTestExecutionListener, TransactionalTestExecutionListener, SqlScriptsTestExecutionListener, EventPublishingTestExecutionListener, WithSecurityContextTestExecutionListener, ReactorContextTestExecutionListener, MockitoResetTestExecutionListener, MockMvcPrintOnlyOnFailureTestExecutionListener, WebDriverTestExecutionListener]
2026-03-07 10:10:10.443 INFO  [           main] c.i.j.s.impl.ClienteServiceImpl      [req=-] - Cliente PF criado com documento *******8901
]]></system-out>
  </testcase>
  <testcase name="devePersistirEnderecoCanonicoAoCriarClientePf" classname="com.intensivo.java.service.ClienteServiceIntegrationTest" time="0.049">
    <system-out><![CDATA[2026-03-07 10:10:10.488 INFO  [           main] c.i.j.s.impl.ClienteServiceImpl      [req=-] - Cliente PF criado com documento *******3344
]]></system-out>
  </testcase>
</testsuite>